[19:37:33] [main/INFO] (FabricLoader/GameProvider) Loading Minecraft 1.19.2 with Fabric Loader 0.14.9
[19:37:34] [ForkJoinPool-1-worker-1/WARN] (FabricLoader/Metadata) Mod ants uses the version ${version} which isn't compatible with Loader's extended semantic version format (Could not parse version number component '${version}'!), SemVer is recommended for reliably evaluating dependencies and prioritizing newer version
[19:37:34] [main/INFO] (FabricLoader) Loading 45 mods:
	- ants ${version}
	- fabric-api 0.59.0+1.19.2
	- fabric-api-base 0.4.10+e62f51a390
	- fabric-api-lookup-api-v1 1.6.8+9ff28f4090
	- fabric-biome-api-v1 9.0.16+83a8659290
	- fabric-blockrenderlayer-v1 1.1.19+9ff28f4090
	- fabric-client-tags-api-v1 1.0.0+b35fea8390
	- fabric-command-api-v2 2.1.6+0c17ea9690
	- fabric-content-registries-v0 3.2.2+83a8659290
	- fabric-convention-tags-v1 1.1.0+7cd20a1490
	- fabric-crash-report-info-v1 0.2.4+bd0a0d4a90
	- fabric-data-generation-api-v1 5.1.7+a680b9b490
	- fabric-dimensions-v1 2.1.29+a6d2f78590
	- fabric-entity-events-v1 1.4.17+9ff28f4090
	- fabric-events-interaction-v0 0.4.27+9ff28f4090
	- fabric-game-rule-api-v1 1.0.20+1899036190
	- fabric-gametest-api-v1 1.0.34+e62f51a390
	- fabric-item-api-v1 1.5.6+35a03c4390
	- fabric-item-groups-v0 0.3.27+6bee109e90
	- fabric-key-binding-api-v1 1.0.19+9ff28f4090
	- fabric-lifecycle-events-v1 2.1.1+83a8659290
	- fabric-loot-api-v2 1.1.2+83a8659290
	- fabric-message-api-v1 5.0.2+176380a290
	- fabric-mining-level-api-v1 2.1.13+33fbc73890
	- fabric-models-v0 0.3.16+9ff28f4090
	- fabric-networking-api-v1 1.2.3+5eb68ef290
	- fabric-object-builder-api-v1 4.0.10+7675279690
	- fabric-particles-v1 1.0.9+dc39553a90
	- fabric-registry-sync-v0 0.9.23+23c4cfef90
	- fabric-renderer-api-v1 1.0.9+84f79e9d90
	- fabric-renderer-indigo 0.6.11+5187d39f90
	- fabric-rendering-data-attachment-v1 0.3.13+9ff28f4090
	- fabric-rendering-fluids-v1 3.0.6+9ff28f4090
	- fabric-rendering-v1 1.10.15+9ff28f4090
	- fabric-resource-conditions-api-v1 2.0.10+e62f51a390
	- fabric-resource-loader-v0 0.6.0+6bee109e90
	- fabric-screen-api-v1 1.0.25+f05effaf90
	- fabric-screen-handler-api-v1 1.2.12+9ff28f4090
	- fabric-textures-v0 1.0.19+9ff28f4090
	- fabric-transfer-api-v1 2.0.10+83a8659290
	- fabric-transitive-access-wideners-v1 1.2.0+1e232e1390
	- fabricloader 0.14.9
	- geckolib3 3.1.12
	- java 17
	- minecraft 1.19.2
[19:37:34] [main/INFO] (FabricLoader/Mixin) SpongePowered MIXIN Subsystem Version=0.8.5 Source=file:/C:/Users/mastr/.gradle/caches/modules-2/files-2.1/net.fabricmc/sponge-mixin/0.11.4+mixin.0.8.5/c1dc27696aa4006e492c2485c9ccbcb26045a971/sponge-mixin-0.11.4+mixin.0.8.5.jar Service=Knot/Fabric Env=CLIENT
[19:37:34] [main/INFO] (FabricLoader/Mixin) Loaded Fabric development mappings for mixin remapper!
[19:37:34] [main/INFO] (FabricLoader/Mixin) Compatibility level set to JAVA_16
[19:37:34] [main/INFO] (FabricLoader/Mixin) Compatibility level set to JAVA_17
[19:37:36] [main/WARN] (FileUtil) Configuration conflict: there is more than one oshi.properties file on the classpath
[19:37:37] [main/WARN] (FileUtil) Configuration conflict: there is more than one oshi.architecture.properties file on the classpath
[19:37:41] [main/INFO] (Minecraft) Building optimized datafixer
[19:37:47] [Render thread/INFO] (Minecraft) Environment: authHost='https://authserver.mojang.com', accountsHost='https://api.mojang.com', sessionHost='https://sessionserver.mojang.com', servicesHost='https://api.minecraftservices.com', name='PROD'
[19:37:48] [Render thread/ERROR] (fabric-screen-api-v1) Failed to verify authentication
com.mojang.authlib.exceptions.InvalidCredentialsException: Status: 401
	at com.mojang.authlib.exceptions.MinecraftClientHttpException.toAuthenticationException(MinecraftClientHttpException.java:56) ~[authlib-3.11.49.jar:?]
	at com.mojang.authlib.yggdrasil.YggdrasilUserApiService.fetchProperties(YggdrasilUserApiService.java:155) ~[authlib-3.11.49.jar:?]
	at com.mojang.authlib.yggdrasil.YggdrasilUserApiService.<init>(YggdrasilUserApiService.java:55) ~[authlib-3.11.49.jar:?]
	at com.mojang.authlib.yggdrasil.YggdrasilAuthenticationService.createUserApiService(YggdrasilAuthenticationService.java:161) ~[authlib-3.11.49.jar:?]
	at net.minecraft.client.MinecraftClient.createUserApiService(MinecraftClient.java:701) [minecraft-project-@-merged-named.jar:?]
	at net.minecraft.client.MinecraftClient.<init>(MinecraftClient.java:503) [minecraft-project-@-merged-named.jar:?]
	at net.minecraft.client.main.Main.main(Main.java:185) [minecraft-project-@-merged-named.jar:?]
	at net.minecraft.client.main.Main.main(Main.java:56) [minecraft-project-@-merged-named.jar:?]
	at net.fabricmc.loader.impl.game.minecraft.MinecraftGameProvider.launch(MinecraftGameProvider.java:461) [fabric-loader-0.14.9.jar:?]
	at net.fabricmc.loader.impl.launch.knot.Knot.launch(Knot.java:74) [fabric-loader-0.14.9.jar:?]
	at net.fabricmc.loader.impl.launch.knot.KnotClient.main(KnotClient.java:23) [fabric-loader-0.14.9.jar:?]
	at net.fabricmc.devlaunchinjector.Main.main(Main.java:86) [dev-launch-injector-0.2.1+build.8.jar:?]
Caused by: com.mojang.authlib.exceptions.MinecraftClientHttpException: Status: 401
	at com.mojang.authlib.minecraft.client.MinecraftClient.readInputStream(MinecraftClient.java:85) ~[authlib-3.11.49.jar:?]
	at com.mojang.authlib.minecraft.client.MinecraftClient.get(MinecraftClient.java:48) ~[authlib-3.11.49.jar:?]
	at com.mojang.authlib.yggdrasil.YggdrasilUserApiService.fetchProperties(YggdrasilUserApiService.java:129) ~[authlib-3.11.49.jar:?]
	... 10 more
[19:37:48] [Render thread/INFO] (fabric-screen-api-v1) Setting user: Player869
[19:37:48] [Render thread/ERROR] (Minecraft) No data fixer registered for geoexampleentity
[19:37:48] [Render thread/ERROR] (Minecraft) No data fixer registered for bikeentity
[19:37:48] [Render thread/ERROR] (Minecraft) No data fixer registered for extendedrendererentity
[19:37:48] [Render thread/ERROR] (Minecraft) No data fixer registered for leentity
[19:37:48] [Render thread/ERROR] (Minecraft) No data fixer registered for rocketprojectile
[19:37:48] [Render thread/INFO] (Little Ants) Loading models...
[19:37:48] [Render thread/INFO] (Little Ants) Loading ants...
[19:37:48] [Render thread/INFO] (Little Ants) Loading items...
[19:37:49] [Render thread/INFO] (Little Ants) Loading blocks...
[19:37:49] [Render thread/INFO] (Little Ants) Loading particles...
[19:37:49] [Render thread/INFO] (Little Ants) Loading points of interest...
[19:37:49] [Render thread/INFO] (Little Ants) Loading sounds...
[19:37:49] [Render thread/INFO] (Little Ants) Loading bushes...
[19:37:49] [Render thread/INFO] (Little Ants) Loading decorations...
[19:37:49] [Render thread/INFO] (Little Ants) Loading enchantments...
[19:37:49] [Render thread/INFO] (Little Ants) Loading damage sources...
[19:37:49] [Render thread/INFO] (Little Ants) Loading recipe types...
[19:37:49] [Render thread/INFO] (Little Ants) Loaded!
[19:37:50] [Render thread/INFO] (Indigo) [Indigo] Registering Indigo renderer!
[19:37:51] [Render thread/INFO] (fabric-screen-api-v1) Backend library: LWJGL version 3.3.1 SNAPSHOT
[19:37:55] [Worker-Main-12/ERROR] (Minecraft) Failed to retrieve profile key pair
java.io.IOException: Could not retrieve profile key pair
	at net.minecraft.client.util.ProfileKeys.fetchKeyPair(ProfileKeys.java:179) ~[minecraft-project-@-merged-named.jar:?]
	at net.minecraft.client.util.ProfileKeys.method_44291(ProfileKeys.java:79) ~[minecraft-project-@-merged-named.jar:?]
	at java.util.concurrent.CompletableFuture$AsyncSupply.run(CompletableFuture.java:1768) [?:?]
	at java.util.concurrent.CompletableFuture$AsyncSupply.exec(CompletableFuture.java:1760) [?:?]
	at java.util.concurrent.ForkJoinTask.doExec(ForkJoinTask.java:373) [?:?]
	at java.util.concurrent.ForkJoinPool$WorkQueue.topLevelExec(ForkJoinPool.java:1182) [?:?]
	at java.util.concurrent.ForkJoinPool.scan(ForkJoinPool.java:1655) [?:?]
	at java.util.concurrent.ForkJoinPool.runWorker(ForkJoinPool.java:1622) [?:?]
	at java.util.concurrent.ForkJoinWorkerThread.run(ForkJoinWorkerThread.java:165) [?:?]
[19:37:55] [Render thread/INFO] (Minecraft) Narrator library for x64 successfully loaded
[19:37:55] [Render thread/INFO] (Minecraft) Reloading ResourceManager: Default, Fabric Mods (Fabric Biome API (v1), Fabric Loader, Geckolib, Fabric Particles (v1), Fabric Data Generation API (v1), Fabric Rendering Data Attachment (v1), Fabric Message API (v1), Fabric Mining Level API (v1), Fabric Renderer API (v1), Fabric Rendering Fluids (v1), Fabric Dimensions API (v1), Fabric BlockRenderLayer Registration (v1), Fabric API Lookup API (v1), Fabric API Base, Fabric Screen Handler API (v1), Fabric Textures (v0), Fabric Object Builder API (v1), Fabric Transitive Access Wideners (v1), Fabric Lifecycle Events (v1), Fabric Command API (v2), Fabric Events Interaction (v0), Fabric Crash Report Info (v1), Fabric Resource Loader (v0), Fabric Key Binding API (v1), Fabric Registry Sync (v0), Fabric API, Fabric Item Groups (v0), Fabric Item API (v1), Little Ants, Fabric Networking API (v1), Fabric Game Rule API (v1), Fabric Client Tags, Fabric Convention Tags, Fabric Game Test API (v1), Fabric Models (v0), Fabric Transfer API (v1), Fabric Loot API (v2), Fabric Screen API (v1), Fabric Resource Conditions API (v1), Fabric Rendering (v1), Fabric Renderer - Indigo, Fabric Entity Events (v1), Fabric Content Registries (v0))
[19:37:56] [Realms Notification Availability checker #1/INFO] (Minecraft) Could not authorize you against Realms server: Invalid session id
[19:38:01] [Worker-Main-13/WARN] (Minecraft) Unable to load model: 'ants:muddy_ant_egg#inventory' referenced from: ants:muddy_ant_egg#inventory: java.io.FileNotFoundException: ants:models/item/muddy_ant_egg.json
[19:38:03] [Render thread/WARN] (Minecraft) Missing sound for event: minecraft:item.goat_horn.play
[19:38:03] [Render thread/WARN] (Minecraft) Missing sound for event: minecraft:entity.goat.screaming.horn_break
[19:38:03] [Render thread/INFO] (Minecraft) OpenAL initialized on device OpenAL Soft on Headphones (High Definition Audio Device)
[19:38:03] [Render thread/INFO] (Minecraft) Sound engine started
[19:38:03] [Render thread/INFO] (Minecraft) Created: 1024x1024x4 minecraft:textures/atlas/blocks.png-atlas
[19:38:04] [Render thread/INFO] (Minecraft) Created: 256x128x4 minecraft:textures/atlas/signs.png-atlas
[19:38:04] [Render thread/INFO] (Minecraft) Created: 1024x512x4 minecraft:textures/atlas/banner_patterns.png-atlas
[19:38:04] [Render thread/INFO] (Minecraft) Created: 1024x512x4 minecraft:textures/atlas/shield_patterns.png-atlas
[19:38:04] [Render thread/INFO] (Minecraft) Created: 256x256x4 minecraft:textures/atlas/chest.png-atlas
[19:38:04] [Render thread/INFO] (Minecraft) Created: 512x256x4 minecraft:textures/atlas/beds.png-atlas
[19:38:04] [Render thread/INFO] (Minecraft) Created: 512x256x4 minecraft:textures/atlas/shulker_boxes.png-atlas
[19:38:06] [Render thread/WARN] (Minecraft) Shader rendertype_entity_translucent_emissive could not find sampler named Sampler2 in the specified shader program.
[19:38:06] [Render thread/INFO] (Minecraft) Created: 512x256x0 minecraft:textures/atlas/particles.png-atlas
[19:38:06] [Render thread/INFO] (Minecraft) Created: 256x256x0 minecraft:textures/atlas/paintings.png-atlas
[19:38:06] [Render thread/INFO] (Minecraft) Created: 256x128x0 minecraft:textures/atlas/mob_effects.png-atlas
[19:38:27] [Worker-Bootstrap-11/INFO] (Minecraft) 4283 Datafixer optimizations took 46259 milliseconds
[19:38:48] [Render thread/INFO] (Minecraft) Loaded 9 recipes
[19:38:48] [Render thread/INFO] (Minecraft) Loaded 1186 advancements
[19:38:49] [Worker-Main-21/ERROR] (Minecraft) Failed to retrieve profile key pair
java.io.IOException: Could not retrieve profile key pair
	at net.minecraft.client.util.ProfileKeys.fetchKeyPair(ProfileKeys.java:179) ~[minecraft-project-@-merged-named.jar:?]
	at net.minecraft.client.util.ProfileKeys.method_44291(ProfileKeys.java:79) ~[minecraft-project-@-merged-named.jar:?]
	at java.util.concurrent.CompletableFuture$AsyncSupply.run(CompletableFuture.java:1768) [?:?]
	at java.util.concurrent.CompletableFuture$AsyncSupply.exec(CompletableFuture.java:1760) [?:?]
	at java.util.concurrent.ForkJoinTask.doExec(ForkJoinTask.java:373) [?:?]
	at java.util.concurrent.ForkJoinPool$WorkQueue.topLevelExec(ForkJoinPool.java:1182) [?:?]
	at java.util.concurrent.ForkJoinPool.scan(ForkJoinPool.java:1655) [?:?]
	at java.util.concurrent.ForkJoinPool.runWorker(ForkJoinPool.java:1622) [?:?]
	at java.util.concurrent.ForkJoinWorkerThread.run(ForkJoinWorkerThread.java:165) [?:?]
[19:38:49] [Render thread/INFO] (BiomeModificationImpl) Applied 9 biome modifications to 9 of 63 new biomes in 12.22 ms
[19:38:49] [Server thread/INFO] (Minecraft) Starting integrated minecraft server version 1.19.2
[19:38:49] [Server thread/INFO] (Minecraft) Generating keypair
[19:38:50] [Server thread/INFO] (Minecraft) Preparing start region for dimension minecraft:overworld
[19:38:54] [Render thread/INFO] (Minecraft) Preparing spawn area: 0%
[19:38:54] [Render thread/INFO] (Minecraft) Preparing spawn area: 0%
[19:38:54] [Render thread/INFO] (Minecraft) Preparing spawn area: 0%
[19:38:54] [Render thread/INFO] (Minecraft) Preparing spawn area: 0%
[19:38:54] [Render thread/INFO] (Minecraft) Preparing spawn area: 0%
[19:38:54] [Render thread/INFO] (Minecraft) Preparing spawn area: 0%
[19:38:54] [Render thread/INFO] (Minecraft) Preparing spawn area: 0%
[19:38:54] [Render thread/INFO] (Minecraft) Preparing spawn area: 0%
[19:38:54] [Render thread/INFO] (Minecraft) Preparing spawn area: 0%
[19:38:54] [Render thread/INFO] (Minecraft) Preparing spawn area: 9%
[19:38:55] [Render thread/INFO] (Minecraft) Preparing spawn area: 55%
[19:38:55] [Render thread/INFO] (Minecraft) Preparing spawn area: 93%
[19:38:55] [Render thread/INFO] (Minecraft) Time elapsed: 5513 ms
[19:38:55] [Server thread/INFO] (Minecraft) Changing view distance to 12, from 10
[19:38:55] [Server thread/INFO] (Minecraft) Changing simulation distance to 12, from 0
[19:38:56] [Server thread/INFO] (Minecraft) Player869[local:E:2ab7f0fb] logged in with entity id 144 at (319000.8331918557, 66.0, 344225.63774616393)
[19:38:57] [Server thread/INFO] (Minecraft) Player869 joined the game
[19:38:57] [Server thread/INFO] (Minecraft) Player869 has made the advancement [Sounds like a Sticky Situation]
[19:38:58] [Render thread/INFO] (Minecraft) [System] [CHAT] Player869 has made the advancement [Sounds like a Sticky Situation]
[19:38:58] [Render thread/INFO] (Minecraft) Loaded 3 advancements
[19:38:59] [Server thread/WARN] (Minecraft) Can't keep up! Is the server overloaded? Running 2262ms or 45 ticks behind
[19:39:43] [Render thread/INFO] (Minecraft) Loaded 26 advancements
[19:40:11] [Server thread/INFO] (Minecraft) [Player869: Teleported Player869 to 7676.500000, 90.000000, -232322.500000]
[19:40:11] [Render thread/INFO] (Minecraft) [System] [CHAT] Teleported Player869 to 7676.500000, 90.000000, -232322.500000
[19:40:12] [Render thread/INFO] (Minecraft) Loaded 26 advancements
[19:40:22] [Render thread/INFO] (Minecraft) [System] [CHAT] The nearest minecraft:swamp is at [8188, 90, -230435] (1956 blocks away)
[19:40:25] [Server thread/INFO] (Minecraft) [Player869: Teleported Player869 to 8188.500000, 90.000000, -230434.500000]
[19:40:25] [Render thread/INFO] (Minecraft) [System] [CHAT] Teleported Player869 to 8188.500000, 90.000000, -230434.500000
[19:40:27] [Server thread/WARN] (Minecraft) Can't keep up! Is the server overloaded? Running 2253ms or 45 ticks behind
[19:40:28] [Render thread/INFO] (Minecraft) Loaded 26 advancements
[19:40:41] [Render thread/INFO] (Minecraft) Loaded 26 advancements
[19:40:50] [Server thread/INFO] (Minecraft) Saving and pausing game...
[19:40:50] [Server thread/INFO] (Minecraft) Saving chunks for level 'ServerLevel[New World]'/minecraft:overworld
[19:40:50] [Server thread/INFO] (Minecraft) Saving chunks for level 'ServerLevel[New World]'/minecraft:the_end
[19:40:50] [Server thread/INFO] (Minecraft) Saving chunks for level 'ServerLevel[New World]'/minecraft:the_nether
[19:40:51] [Server thread/INFO] (Minecraft) Player869 lost connection: Disconnected
[19:40:51] [Server thread/INFO] (Minecraft) Player869 left the game
[19:40:51] [Server thread/INFO] (Minecraft) Stopping singleplayer server as player logged out
[19:40:51] [Server thread/INFO] (Minecraft) Stopping server
[19:40:51] [Server thread/INFO] (Minecraft) Saving players
[19:40:51] [Server thread/INFO] (Minecraft) Saving worlds
[19:40:53] [Server thread/INFO] (Minecraft) Saving chunks for level 'ServerLevel[New World]'/minecraft:overworld
[19:40:55] [Server thread/INFO] (Minecraft) Saving chunks for level 'ServerLevel[New World]'/minecraft:the_end
[19:40:55] [Server thread/INFO] (Minecraft) Saving chunks for level 'ServerLevel[New World]'/minecraft:the_nether
[19:40:55] [Server thread/INFO] (Minecraft) ThreadedAnvilChunkStorage (New World): All chunks are saved
[19:40:55] [Server thread/INFO] (Minecraft) ThreadedAnvilChunkStorage (DIM1): All chunks are saved
[19:40:55] [Server thread/INFO] (Minecraft) ThreadedAnvilChunkStorage (DIM-1): All chunks are saved
[19:40:55] [Server thread/INFO] (Minecraft) ThreadedAnvilChunkStorage: All dimensions are saved
[19:40:55] [Render thread/INFO] (fabric-screen-api-v1) Stopping!
